<?xml version="1.0" encoding="UTF-8"?>
<!-- Generated by org.testng.reporters.JUnitReportReporter -->
<testsuite hostname="GOL014218" failures="0" tests="6" name="StepDefinitions.RunnerTest" time="130.145" errors="0" timestamp="2022-06-23T13:51:35 IST" skipped="0">
  <testcase classname="StepDefinitions.RunnerTest" name="runScenario" time="16.563"/>
  <system-out/>
  <testcase classname="StepDefinitions.RunnerTest" name="runScenario" time="24.468"/>
  <system-out/>
  <testcase classname="StepDefinitions.RunnerTest" name="runScenario" time="25.151"/>
  <system-out/>
  <testcase classname="StepDefinitions.RunnerTest" name="runScenario" time="17.376"/>
  <system-out/>
  <testcase classname="StepDefinitions.RunnerTest" name="runScenario" time="22.939"/>
  <system-out/>
  <testcase classname="StepDefinitions.RunnerTest" name="runScenario" time="23.648"/>
  <system-out/>
</testsuite> <!-- StepDefinitions.RunnerTest -->
